#
# There is insufficient memory for the Java Runtime Environment to continue.
# Native memory allocation (mmap) failed to map 536870912 bytes for G1 virtual space
# Possible reasons:
#   The system is out of physical RAM or swap space
#   The process is running with CompressedOops enabled, and the Java Heap may be blocking the growth of the native heap
# Possible solutions:
#   Reduce memory load on the system
#   Increase physical memory or swap space
#   Check if swap backing store is full
#   Decrease Java heap size (-Xmx/-Xms)
#   Decrease number of Java threads
#   Decrease Java thread stack sizes (-Xss)
#   Set larger code cache with -XX:ReservedCodeCacheSize=
#   JVM is running with Zero Based Compressed Oops mode in which the Java heap is
#     placed in the first 32GB address space. The Java Heap base address is the
#     maximum limit for the native heap growth. Please use -XX:HeapBaseMinAddress
#     to set the Java Heap base and to place the Java Heap above 32GB virtual address.
# This output file may be truncated or incomplete.
#
#  Out of Memory Error (os_windows.cpp:3469), pid=6796, tid=12036
#
# JRE version:  (17.0.1+12) (build )
# Java VM: OpenJDK 64-Bit Server VM (17.0.1+12-LTS, mixed mode, sharing, tiered, compressed oops, compressed class ptrs, g1 gc, windows-amd64)
# No core dump will be written. Minidumps are not enabled by default on client versions of Windows
#

---------------  S U M M A R Y ------------

Command Line: -Dfile.encoding=UTF-8 softwaredevelopment_p1.Group11_Project1

Host: AMD Ryzen 7 1800X Eight-Core Processor         , 16 cores, 31G,  Windows 10 , 64 bit Build 19041 (10.0.19041.1645)
Time: Thu Apr 21 22:10:16 2022 Eastern Daylight Time elapsed time: 0.008234 seconds (0d 0h 0m 0s)

---------------  T H R E A D  ---------------

Current thread (0x00000125a45c00b0):  JavaThread "Unknown thread" [_thread_in_vm, id=12036, stack(0x0000000f7bf00000,0x0000000f7c000000)]

Stack: [0x0000000f7bf00000,0x0000000f7c000000]
Native frames: (J=compiled Java code, j=interpreted, Vv=VM code, C=native code)
V  [jvm.dll+0x6443ba]
V  [jvm.dll+0x7f4384]
V  [jvm.dll+0x7f5b3e]
V  [jvm.dll+0x7f6193]
V  [jvm.dll+0x234798]
V  [jvm.dll+0x6413ea]
V  [jvm.dll+0x635f42]
V  [jvm.dll+0x2f24f9]
V  [jvm.dll+0x2f96c6]
V  [jvm.dll+0x34525a]
V  [jvm.dll+0x34549f]
V  [jvm.dll+0x2c8a18]
V  [jvm.dll+0x2c99a9]
V  [jvm.dll+0x7c7b21]
V  [jvm.dll+0x352661]
V  [jvm.dll+0x7a83ae]
V  [jvm.dll+0x3cdf13]
V  [jvm.dll+0x3cf951]
C  [jli.dll+0x51af]
C  [ucrtbase.dll+0x21bb2]
C  [KERNEL32.DLL+0x17034]
C  [ntdll.dll+0x52651]


---------------  P R O C E S S  ---------------

Threads class SMR info:
_java_thread_list=0x00007ffb0013a6d8, length=0, elements={
}

Java Threads: ( => current thread )

Other Threads:
  0x00000125a463c1a0 GCTaskThread "GC Thread#0" [stack: 0x0000000f7c000000,0x0000000f7c100000] [id=17384]
  0x00000125a464d060 ConcurrentGCThread "G1 Main Marker" [stack: 0x0000000f7c100000,0x0000000f7c200000] [id=5032]
  0x00000125a464e210 ConcurrentGCThread "G1 Conc#0" [stack: 0x0000000f7c200000,0x0000000f7c300000] [id=16212]

[error occurred during error reporting (printing all threads), id 0xc0000005, EXCEPTION_ACCESS_VIOLATION (0xc0000005) at pc=0x00007ffaff929bf7]

VM state: not at safepoint (not fully initialized)

VM Mutex/Monitor currently owned by a thread:  ([mutex/lock_event])
[0x00000125a44c9cd0] Heap_lock - owner thread: 0x00000125a45c00b0

Heap address: 0x0000000601000000, size: 8176 MB, Compressed Oops mode: Zero based, Oop shift amount: 3

CDS archive(s) mapped at: [0x0000000000000000-0x0000000000000000-0x0000000000000000), size 0, SharedBaseAddress: 0x0000000800000000, ArchiveRelocationMode: 0.
Narrow klass base: 0x0000000000000000, Narrow klass shift: 0, Narrow klass range: 0x0

GC Precious Log:
<Empty>

Heap:
 garbage-first heap   total 0K, used 0K [0x0000000601000000, 0x0000000800000000)
  region size 4096K, 0 young (0K), 0 survivors (0K)

[error occurred during error reporting (printing heap information), id 0xc0000005, EXCEPTION_ACCESS_VIOLATION (0xc0000005) at pc=0x00007ffaffcebd29]

GC Heap History (0 events):
No events

Deoptimization events (0 events):
No events

Classes unloaded (0 events):
No events

Classes redefined (0 events):
No events

Internal exceptions (0 events):
No events

VM Operations (0 events):
No events

Events (1 events):
Event: 0.005 Loaded shared library D:\Java\bin\java.dll


Dynamic libraries:
0x00007ff725700000 - 0x00007ff72570d000 	D:\Java\bin\java.exe
0x00007ffb584b0000 - 0x00007ffb586a5000 	C:\WINDOWS\SYSTEM32\ntdll.dll
0x00007ffb56be0000 - 0x00007ffb56c9e000 	C:\WINDOWS\System32\KERNEL32.DLL
0x00007ffb55d90000 - 0x00007ffb56058000 	C:\WINDOWS\System32\KERNELBASE.dll
0x00007ffb560f0000 - 0x00007ffb561f0000 	C:\WINDOWS\System32\ucrtbase.dll
0x00007ffb4d650000 - 0x00007ffb4d668000 	D:\Java\bin\jli.dll
0x00007ffb507d0000 - 0x00007ffb507e5000 	D:\Java\bin\VCRUNTIME140.dll
0x00007ffb571f0000 - 0x00007ffb57390000 	C:\WINDOWS\System32\USER32.dll
0x00007ffb56350000 - 0x00007ffb56372000 	C:\WINDOWS\System32\win32u.dll
0x00007ffb3f780000 - 0x00007ffb3fa1a000 	C:\WINDOWS\WinSxS\amd64_microsoft.windows.common-controls_6595b64144ccf1df_6.0.19041.1110_none_60b5254171f9507e\COMCTL32.dll
0x00007ffb576b0000 - 0x00007ffb576da000 	C:\WINDOWS\System32\GDI32.dll
0x00007ffb575b0000 - 0x00007ffb5764e000 	C:\WINDOWS\System32\msvcrt.dll
0x00007ffb563b0000 - 0x00007ffb564bb000 	C:\WINDOWS\System32\gdi32full.dll
0x00007ffb55c40000 - 0x00007ffb55cdd000 	C:\WINDOWS\System32\msvcp_win.dll
0x00007ffb56d30000 - 0x00007ffb56d60000 	C:\WINDOWS\System32\IMM32.DLL
0x00007ffb4c560000 - 0x00007ffb4c5fb000 	D:\Java\bin\msvcp140.dll
0x00007ffaff650000 - 0x00007ffb00268000 	D:\Java\bin\server\jvm.dll
0x00007ffb57f70000 - 0x00007ffb5801e000 	C:\WINDOWS\System32\ADVAPI32.dll
0x00007ffb58270000 - 0x00007ffb5830c000 	C:\WINDOWS\System32\sechost.dll
0x00007ffb56ab0000 - 0x00007ffb56bd5000 	C:\WINDOWS\System32\RPCRT4.dll
0x00007ffb58260000 - 0x00007ffb58268000 	C:\WINDOWS\System32\PSAPI.DLL
0x00007ffb512d0000 - 0x00007ffb512d9000 	C:\WINDOWS\SYSTEM32\WSOCK32.dll
0x00007ffb4a290000 - 0x00007ffb4a2b7000 	C:\WINDOWS\SYSTEM32\WINMM.dll
0x00007ffb4e0f0000 - 0x00007ffb4e0fa000 	C:\WINDOWS\SYSTEM32\VERSION.dll
0x00007ffb576e0000 - 0x00007ffb5774b000 	C:\WINDOWS\System32\WS2_32.dll
0x00007ffb53b10000 - 0x00007ffb53b22000 	C:\WINDOWS\SYSTEM32\kernel.appcore.dll
0x00007ffb51190000 - 0x00007ffb5119a000 	D:\Java\bin\jimage.dll
0x00007ffb4e650000 - 0x00007ffb4e834000 	C:\WINDOWS\SYSTEM32\DBGHELP.DLL
0x00007ffb4e110000 - 0x00007ffb4e13c000 	C:\WINDOWS\SYSTEM32\dbgcore.DLL
0x00007ffb56060000 - 0x00007ffb560e2000 	C:\WINDOWS\System32\bcryptPrimitives.dll
0x00007ffb4d550000 - 0x00007ffb4d575000 	D:\Java\bin\java.dll

dbghelp: loaded successfully - version: 4.0.5 - missing functions: none
symbol engine: initialized successfully - sym options: 0x614 - pdb path: .;D:\Java\bin;C:\WINDOWS\SYSTEM32;C:\WINDOWS\WinSxS\amd64_microsoft.windows.common-controls_6595b64144ccf1df_6.0.19041.1110_none_60b5254171f9507e;D:\Java\bin\server

VM Arguments:
jvm_args: -Dfile.encoding=UTF-8 
java_command: softwaredevelopment_p1.Group11_Project1
java_class_path (initial): C:\Users\Dani\Documents\Fund\Group11_Project1\build\classes
Launcher Type: SUN_STANDARD

[Global flags]
     intx CICompilerCount                          = 12                                        {product} {ergonomic}
     uint ConcGCThreads                            = 3                                         {product} {ergonomic}
     uint G1ConcRefinementThreads                  = 13                                        {product} {ergonomic}
   size_t G1HeapRegionSize                         = 4194304                                   {product} {ergonomic}
    uintx GCDrainStackTargetSize                   = 64                                        {product} {ergonomic}
   size_t InitialHeapSize                          = 536870912                                 {product} {ergonomic}
   size_t MarkStackSize                            = 4194304                                   {product} {ergonomic}
   size_t MaxHeapSize                              = 8573157376                                {product} {ergonomic}
   size_t MinHeapDeltaBytes                        = 4194304                                   {product} {ergonomic}
   size_t MinHeapSize                              = 8388608                                   {product} {ergonomic}
    uintx NonNMethodCodeHeapSize                   = 7602480                                {pd product} {ergonomic}
    uintx NonProfiledCodeHeapSize                  = 122027880                              {pd product} {ergonomic}
    uintx ProfiledCodeHeapSize                     = 122027880                              {pd product} {ergonomic}
    uintx ReservedCodeCacheSize                    = 251658240                              {pd product} {ergonomic}
     bool SegmentedCodeCache                       = true                                      {product} {ergonomic}
   size_t SoftMaxHeapSize                          = 8573157376                             {manageable} {ergonomic}
     bool UseCompressedClassPointers               = true                           {product lp64_product} {ergonomic}
     bool UseCompressedOops                        = true                           {product lp64_product} {ergonomic}
     bool UseG1GC                                  = true                                      {product} {ergonomic}
     bool UseLargePagesIndividualAllocation        = false                                  {pd product} {ergonomic}

Logging:
Log output configuration:
 #0: stdout all=warning uptime,level,tags
 #1: stderr all=off uptime,level,tags

Environment Variables:
JAVA_HOME=D:\Java\
PATH=D:\Java\bin\;C:\Windows\system32;C:\Windows;C:\Windows\System32\Wbem;C:\Windows\System32\WindowsPowerShell\v1.0\;C:\Windows\System32\OpenSSH\;C:\Program Files (x86)\NVIDIA Corporation\PhysX\Common;C:\Program Files\NVIDIA Corporation\NVIDIA NvDLISR;C:\WINDOWS\system32;C:\WINDOWS;C:\WINDOWS\System32\Wbem;C:\WINDOWS\System32\WindowsPowerShell\v1.0\;C:\WINDOWS\System32\OpenSSH\;D:\PuTTY\;C:\Program Files\Git\cmd;C:\Users\Dani\AppData\Local\Programs\Python\Python39\Scripts\;C:\Users\Dani\AppData\Local\Programs\Python\Python39\;C:\Users\Dani\AppData\Local\Microsoft\WindowsApps;C:\Users\Dani\AppData\Local\Programs\Microsoft VS Code\bin;C:\Users\Dani\AppData\Local\GitHubDesktop\bin
USERNAME=Dani
OS=Windows_NT
PROCESSOR_IDENTIFIER=AMD64 Family 23 Model 1 Stepping 1, AuthenticAMD



---------------  S Y S T E M  ---------------

OS:
 Windows 10 , 64 bit Build 19041 (10.0.19041.1645)
OS uptime: 3 days 23:16 hours

CPU: total 16 (initial active 16) (16 cores per cpu, 2 threads per core) family 23 model 1 stepping 1 microcode 0x0, cx8, cmov, fxsr, ht, mmx, 3dnowpref, sse, sse2, sse3, ssse3, sse4a, sse4.1, sse4.2, popcnt, lzcnt, tsc, tscinvbit, avx, avx2, aes, clmul, bmi1, bmi2, adx, sha, fma, vzeroupper, clflush, clflushopt

Memory: 4k page, system-wide physical 32698M (9774M free)
TotalPageFile size 46796M (AvailPageFile size 265M)
current process WorkingSet (physical memory assigned to process): 10M, peak: 10M
current process commit charge ("private bytes"): 70M, peak: 582M

vm_info: OpenJDK 64-Bit Server VM (17.0.1+12-LTS) for windows-amd64 JRE (17.0.1+12-LTS), built on Oct 20 2021 16:06:38 by "" with MS VC++ 15.9 (VS2017)

END.
